<?xml version="1.0" encoding="UTF-8"?>
<testsuite name="FilterSpecs" tests="2" skipped="0" failures="0" errors="0" timestamp="2021-07-13T04:24:08" hostname="Sauds-MacBook-Pro.local" time="0.027">
  <properties/>
  <testcase name="itDoesNotSelectNegativePrimeNumbers()" classname="FilterSpecs" time="0.025"/>
  <testcase name="itSelectsPrimeNumbers()" classname="FilterSpecs" time="0.001"/>
  <system-out><![CDATA[]]></system-out>
  <system-err><![CDATA[]]></system-err>
</testsuite>
